[TikTok] Olay dönüştürme hatası: member {
  common: {
    method: 'WebcastMemberMessage',
    msgId: '7663611851749870354',
    roomId: '7663572741232053010',
    createTime: '1784323680788',
    monitor: 0,
    isShowMsg: true,
    describe: '',
    foldType: '0',
    anchorFoldType: '0',
    priorityScore: '0',
    logId: '20260718052759DE58285600B0C7FD18F0',
    msgProcessFilterK: '',
    msgProcessFilterV: '',
    fromIdc: '',
    toIdc: '',
    filterMsgTagsList: [],
    anchorPriorityScore: '0',
    roomMessageHeatLevel: '0',
    foldTypeForWeb: '0',
    anchorFoldTypeForWeb: '0',
    clientSendTime: '0',
    dispatchStrategy: 0
  },
  action: 26,
  memberCount: 0,
  operator: {
    userId: '7267819567807448069',
    nickname: 'Gamze',
    bioDescription: '',
    verified: false,
    status: 0,
    createTime: '0',
    modifyTime: '0',
    secret: 0,
    shareQrcodeUri: '',
    badgeImageList: [],
    specialId: '',
    userBadges: [],
    newUserBadges: [],
    topVipNo: 0,
    payScore: '0',
    fanTicketCount: '0',
    linkMicStats: 0,
    uniqueId: 'rossyyy777',
    enableShowCommerceSale: false,
    withFusionShopEntry: false,
    payScores: '0',
    verifiedContent: '',
    topFans: [],
    secUid: 'MS4wLjABAAAAQr_zNVtPzPIQsgLeJ5pVL9Vs4EqVsXEfKuFblydTdoXQOHTouHwJIsxYixMkLlt7',
    userRole: 0,
    mediaBadgeImageList: [],
    commerceWebcastConfigIds: [],
    borders: [],
    badges: [],
    mintTypeLabel: [],
    allowFindByContacts: false,
    allowOthersDownloadVideo: false,
    allowOthersDownloadWhenSharingVideo: false,
    allowShareShowProfile: false,
    allowShowInGossip: false,
    allowShowMyAction: false,
    allowStrangeComment: false,
    allowUnfollowerComment: false,
    allowUseLinkmic: false,
    backgroundImgUrl: '',
    blockStatus: 0,
    commentRestrict: 0,
    constellation: '',
    disableIchat: 0,
    enableIchatImg: '0',
    exp: 0,
    foldStrangerChat: false,
    followStatus: '0',
    ichatRestrictType: 0,
    idStr: '',
    isFollower: false,
    isFollowing: false,
    needProfileGuide: false,
    pushCommentStatus: false,
    pushDigg: false,
    pushFollow: false,
    pushFriendAction: false,
    pushIchat: false,
    pushStatus: false,
    pushVideoPost: false,
    pushVideoRecommend: false,
    verifiedReason: '',
    enableCarManagementPermission: false,
    upcomingEventList: [],
    scmLabel: '',
    isBlock: false,
    isSubscribe: false,
    isAnchorMarked: false
  },
  isSetToAdmin: false,
  isTopUser: false,
  rankScore: '0',
  topUserNo: '0',
  enterType: '0',
  actionDescription: '',
  userId: '0',
  popStr: '',
  clientEnterSource: '',
  clientEnterType: '',
  clientLiveReason: '',
  actionDuration: '0',
  userShareType: '',
  displayStyle: 0,
  adminPermissions: {},
  kickSource: 0,
  allowPreviewTime: '0',
  lastSubscriptionAction: '0',
  liveSubOnlyTier: '0',
  liveSubOnlyMonth: '0',
  ecStreamerKey: '',
  showWave: '0',
  hitAbStatus: 0
}
[TikTok] Olay dönüştürme hatası: member {
  common: {
    method: 'WebcastMemberMessage',
    msgId: '7663611956423150354',
    roomId: '7663572741232053010',
    createTime: '1784323705240',
    monitor: 0,
    isShowMsg: true,
    describe: '',
    foldType: '0',
    anchorFoldType: '0',
    priorityScore: '0',
    logId: '20260718052824A976D17AAB86F5F2D212',
    msgProcessFilterK: '',
    msgProcessFilterV: '',
    fromIdc: '',
    toIdc: '',
    filterMsgTagsList: [],
    anchorPriorityScore: '0',
    roomMessageHeatLevel: '0',
    foldTypeForWeb: '0',
    anchorFoldTypeForWeb: '0',
    clientSendTime: '0',
    dispatchStrategy: 0
  },
  action: 27,
  memberCount: 0,
  operator: {
    userId: '7267819567807448069',
    nickname: 'Gamze',
    bioDescription: '',
    verified: false,
    status: 0,
    createTime: '0',
    modifyTime: '0',
    secret: 0,
    shareQrcodeUri: '',
    badgeImageList: [],
    specialId: '',
    userBadges: [],
    newUserBadges: [],
    topVipNo: 0,
    payScore: '0',
    fanTicketCount: '0',
    linkMicStats: 0,
    uniqueId: 'rossyyy777',
    enableShowCommerceSale: false,
    withFusionShopEntry: false,
    payScores: '0',
    verifiedContent: '',
    topFans: [],
    secUid: 'MS4wLjABAAAAQr_zNVtPzPIQsgLeJ5pVL9Vs4EqVsXEfKuFblydTdoXQOHTouHwJIsxYixMkLlt7',
    userRole: 0,
    mediaBadgeImageList: [],
    commerceWebcastConfigIds: [],
    borders: [],
    badges: [],
    mintTypeLabel: [],
    allowFindByContacts: false,
    allowOthersDownloadVideo: false,
    allowOthersDownloadWhenSharingVideo: false,
    allowShareShowProfile: false,
    allowShowInGossip: false,
    allowShowMyAction: false,
    allowStrangeComment: false,
    allowUnfollowerComment: false,
    allowUseLinkmic: false,
    backgroundImgUrl: '',
    blockStatus: 0,
    commentRestrict: 0,
    constellation: '',
    disableIchat: 0,
    enableIchatImg: '0',
    exp: 0,
    foldStrangerChat: false,
    followStatus: '0',
    ichatRestrictType: 0,
    idStr: '',
    isFollower: false,
    isFollowing: false,
    needProfileGuide: false,
    pushCommentStatus: false,
    pushDigg: false,
    pushFollow: false,
    pushFriendAction: false,
    pushIchat: false,
    pushStatus: false,
    pushVideoPost: false,
    pushVideoRecommend: false,
    verifiedReason: '',
    enableCarManagementPermission: false,
    upcomingEventList: [],
    scmLabel: '',
    isBlock: false,
    isSubscribe: false,
    isAnchorMarked: false
  },
  isSetToAdmin: false,
  isTopUser: false,
  rankScore: '0',
  topUserNo: '0',
  enterType: '0',
  actionDescription: '',
  userId: '0',
  popStr: '',
  clientEnterSource: '',
  clientEnterType: '',
  clientLiveReason: '',
  actionDuration: '0',
  userShareType: '',
  displayStyle: 0,
  adminPermissions: {},
  kickSource: 0,
  allowPreviewTime: '0',
  lastSubscriptionAction: '0',
  liveSubOnlyTier: '0',
  liveSubOnlyMonth: '0',
  ecStreamerKey: '',
  showWave: '0',
  hitAbStatus: 0
}
